iperf3: interrupt - the server has terminated
-----------------------------------------------------------
Server listening on 5011
-----------------------------------------------------------
Accepted connection from 10.0.0.1, port 42204
[  5] local 10.0.0.11 port 5011 connected to 10.0.0.1 port 42208
[ ID] Interval           Transfer     Bitrate
[  5]   0.00-1.65   sec  0.00 Bytes  0.00 bits/sec                  
[  5]   1.65-2.64   sec  0.00 Bytes  0.00 bits/sec                  
[  5]   2.64-3.19   sec  0.00 Bytes  0.00 bits/sec                  
[  5]   3.19-4.65   sec  0.00 Bytes  0.00 bits/sec                  
[  5]   4.65-5.65   sec  0.00 Bytes  0.00 bits/sec                  
[  5]   5.65-6.00   sec  0.00 Bytes  0.00 bits/sec                  
[  5]   6.00-7.00   sec  0.00 Bytes  0.00 bits/sec                  
[  5]   7.00-8.00   sec  0.00 Bytes  0.00 bits/sec                  
[  5]   8.00-9.00   sec  0.00 Bytes  0.00 bits/sec                  
[  5]   9.00-10.00  sec  4.24 KBytes  34.7 Kbits/sec                  
[  5]  10.00-11.00  sec  19.8 KBytes   162 Kbits/sec                  
[  5]  11.00-12.00  sec  25.5 KBytes   209 Kbits/sec                  
[  5]  12.00-13.00  sec  2.83 KBytes  23.2 Kbits/sec                  
[  5]  13.00-14.00  sec  33.9 KBytes   278 Kbits/sec                  
[  5]  14.00-15.00  sec  33.9 KBytes   278 Kbits/sec                  
[  5]  15.00-16.00  sec  28.3 KBytes   231 Kbits/sec                  
[  5]  16.00-17.00  sec  21.2 KBytes   174 Kbits/sec                  
[  5]  17.00-18.00  sec  17.0 KBytes   139 Kbits/sec                  
[  5]  18.00-19.00  sec  0.00 Bytes  0.00 bits/sec                  
[  5]  19.00-20.00  sec  0.00 Bytes  0.00 bits/sec                  
[  5]  20.00-21.00  sec  11.3 KBytes  93.0 Kbits/sec                  
[  5]  21.00-22.01  sec  7.07 KBytes  57.2 Kbits/sec                  
[  5]  22.01-23.00  sec  0.00 Bytes  0.00 bits/sec                  
[  5]  23.00-23.16  sec  0.00 Bytes  0.00 bits/sec                  
- - - - - - - - - - - - - - - - - - - - - - - - -
[ ID] Interval           Transfer     Bitrate
[  5]   0.00-23.16  sec   205 KBytes  72.5 Kbits/sec                  receiver
