iperf3: interrupt - the server has terminated
-----------------------------------------------------------
Server listening on 5012
-----------------------------------------------------------
Accepted connection from 10.0.0.2, port 42546
[  5] local 10.0.0.12 port 5012 connected to 10.0.0.2 port 42548
[ ID] Interval           Transfer     Bitrate
[  5]   0.00-1.65   sec  0.00 Bytes  0.00 bits/sec                  
[  5]   1.65-2.64   sec  0.00 Bytes  0.00 bits/sec                  
[  5]   2.64-3.19   sec  0.00 Bytes  0.00 bits/sec                  
[  5]   3.19-4.65   sec  0.00 Bytes  0.00 bits/sec                  
[  5]   4.65-5.65   sec  0.00 Bytes  0.00 bits/sec                  
[  5]   5.65-6.00   sec  0.00 Bytes  0.00 bits/sec                  
[  5]   6.00-7.00   sec  11.3 KBytes  92.7 Kbits/sec                  
[  5]   7.00-8.04   sec  4.24 KBytes  33.4 Kbits/sec                  
[  5]   8.04-9.00   sec  19.8 KBytes   169 Kbits/sec                  
[  5]   9.00-10.01  sec  14.1 KBytes   115 Kbits/sec                  
[  5]  10.01-11.00  sec  17.0 KBytes   140 Kbits/sec                  
[  5]  11.00-12.00  sec  28.3 KBytes   232 Kbits/sec                  
[  5]  12.00-13.00  sec  18.4 KBytes   150 Kbits/sec                  
[  5]  13.00-14.00  sec  11.3 KBytes  92.8 Kbits/sec                  
[  5]  14.00-15.00  sec  12.7 KBytes   104 Kbits/sec                  
[  5]  15.00-16.00  sec  5.66 KBytes  46.3 Kbits/sec                  
[  5]  16.00-17.00  sec  15.6 KBytes   127 Kbits/sec                  
[  5]  17.00-18.00  sec  19.8 KBytes   162 Kbits/sec                  
[  5]  18.00-19.01  sec  21.2 KBytes   172 Kbits/sec                  
[  5]  19.01-20.01  sec  24.0 KBytes   198 Kbits/sec                  
[  5]  20.01-21.00  sec  0.00 Bytes  0.00 bits/sec                  
[  5]  21.00-22.01  sec  24.0 KBytes   194 Kbits/sec                  
[  5]  22.01-23.00  sec  0.00 Bytes  0.00 bits/sec                  
[  5]  23.00-23.16  sec  0.00 Bytes  0.00 bits/sec                  
- - - - - - - - - - - - - - - - - - - - - - - - -
[ ID] Interval           Transfer     Bitrate
[  5]   0.00-23.16  sec   247 KBytes  87.5 Kbits/sec                  receiver
