iperf3: interrupt - the server has terminated
-----------------------------------------------------------
Server listening on 5016
-----------------------------------------------------------
Accepted connection from 10.0.0.6, port 49704
[  5] local 10.0.0.16 port 5016 connected to 10.0.0.6 port 49706
[ ID] Interval           Transfer     Bitrate
[  5]   0.00-1.65   sec  0.00 Bytes  0.00 bits/sec                  
[  5]   1.65-2.64   sec  0.00 Bytes  0.00 bits/sec                  
[  5]   2.64-3.19   sec  0.00 Bytes  0.00 bits/sec                  
[  5]   3.19-4.65   sec  2.83 KBytes  15.9 Kbits/sec                  
[  5]   4.65-5.65   sec  0.00 Bytes  0.00 bits/sec                  
[  5]   5.65-6.00   sec  0.00 Bytes  0.00 bits/sec                  
[  5]   6.00-7.00   sec  25.5 KBytes   209 Kbits/sec                  
[  5]   7.00-8.00   sec  17.0 KBytes   139 Kbits/sec                  
[  5]   8.00-9.00   sec  14.1 KBytes   116 Kbits/sec                  
[  5]   9.00-10.00  sec  21.2 KBytes   173 Kbits/sec                  
[  5]  10.00-11.00  sec  33.9 KBytes   278 Kbits/sec                  
[  5]  11.00-12.00  sec  33.9 KBytes   278 Kbits/sec                  
[  5]  12.00-13.00  sec  50.9 KBytes   417 Kbits/sec                  
[  5]  13.00-14.00  sec  35.4 KBytes   290 Kbits/sec                  
[  5]  14.00-15.00  sec  17.0 KBytes   139 Kbits/sec                  
[  5]  15.00-16.00  sec  11.3 KBytes  92.9 Kbits/sec                  
[  5]  16.00-17.00  sec  21.2 KBytes   174 Kbits/sec                  
[  5]  17.00-18.00  sec  22.6 KBytes   185 Kbits/sec                  
[  5]  18.00-19.01  sec  19.8 KBytes   160 Kbits/sec                  
[  5]  19.01-20.01  sec  12.7 KBytes   105 Kbits/sec                  
[  5]  20.01-21.00  sec  19.8 KBytes   163 Kbits/sec                  
[  5]  21.00-22.00  sec  12.7 KBytes   104 Kbits/sec                  
[  5]  22.00-23.00  sec  0.00 Bytes  0.00 bits/sec                  
[  5]  23.00-23.16  sec  0.00 Bytes  0.00 bits/sec                  
- - - - - - - - - - - - - - - - - - - - - - - - -
[ ID] Interval           Transfer     Bitrate
[  5]   0.00-23.16  sec   372 KBytes   132 Kbits/sec                  receiver
