iperf3: interrupt - the server has terminated
-----------------------------------------------------------
Server listening on 5017
-----------------------------------------------------------
Accepted connection from 10.0.0.7, port 60438
[  5] local 10.0.0.17 port 5017 connected to 10.0.0.7 port 47348
[ ID] Interval           Transfer     Bitrate
[  5]   0.00-1.00   sec  0.00 Bytes  0.00 bits/sec                  
[  5]   1.00-2.00   sec  1.41 KBytes  11.6 Kbits/sec                  
[  5]   2.00-3.00   sec  8.48 KBytes  69.6 Kbits/sec                  
[  5]   3.00-4.00   sec  11.3 KBytes  92.7 Kbits/sec                  
[  5]   4.00-5.00   sec  5.66 KBytes  46.3 Kbits/sec                  
[  5]   5.00-6.00   sec  8.48 KBytes  69.5 Kbits/sec                  
[  5]   6.00-7.00   sec  8.48 KBytes  69.5 Kbits/sec                  
[  5]   7.00-8.00   sec  9.90 KBytes  81.1 Kbits/sec                  
[  5]   8.00-9.00   sec  12.7 KBytes   104 Kbits/sec                  
[  5]   9.00-10.00  sec  5.66 KBytes  46.4 Kbits/sec                  
[  5]  10.00-11.00  sec  5.66 KBytes  46.3 Kbits/sec                  
[  5]  11.00-12.00  sec  7.07 KBytes  57.9 Kbits/sec                  
[  5]  12.00-13.00  sec  5.66 KBytes  46.3 Kbits/sec                  
[  5]  13.00-14.00  sec  5.66 KBytes  46.3 Kbits/sec                  
[  5]  14.00-15.01  sec  2.83 KBytes  23.0 Kbits/sec                  
[  5]  15.01-15.81  sec  0.00 Bytes  0.00 bits/sec                  
- - - - - - - - - - - - - - - - - - - - - - - - -
[ ID] Interval           Transfer     Bitrate
[  5]   0.00-15.81  sec  99.0 KBytes  51.3 Kbits/sec                  receiver
