iperf3: interrupt - the server has terminated
-----------------------------------------------------------
Server listening on 5018
-----------------------------------------------------------
Accepted connection from 10.0.0.8, port 54270
[  5] local 10.0.0.18 port 5018 connected to 10.0.0.8 port 54274
[ ID] Interval           Transfer     Bitrate
[  5]   0.00-1.65   sec  0.00 Bytes  0.00 bits/sec                  
[  5]   1.65-2.64   sec  0.00 Bytes  0.00 bits/sec                  
[  5]   2.64-3.19   sec  0.00 Bytes  0.00 bits/sec                  
[  5]   3.19-4.65   sec  0.00 Bytes  0.00 bits/sec                  
[  5]   4.65-5.65   sec  0.00 Bytes  0.00 bits/sec                  
[  5]   5.65-6.00   sec  4.24 KBytes  98.8 Kbits/sec                  
[  5]   6.00-7.00   sec  29.7 KBytes   243 Kbits/sec                  
[  5]   7.00-8.04   sec  35.4 KBytes   279 Kbits/sec                  
[  5]   8.04-9.00   sec  45.2 KBytes   386 Kbits/sec                  
[  5]   9.00-10.01  sec  25.5 KBytes   207 Kbits/sec                  
[  5]  10.01-11.00  sec  17.0 KBytes   140 Kbits/sec                  
[  5]  11.00-12.00  sec  1.41 KBytes  11.6 Kbits/sec                  
[  5]  12.00-13.00  sec  0.00 Bytes  0.00 bits/sec                  
[  5]  13.00-14.00  sec  0.00 Bytes  0.00 bits/sec                  
[  5]  14.00-15.00  sec  1.41 KBytes  11.6 Kbits/sec                  
[  5]  15.00-16.00  sec  0.00 Bytes  0.00 bits/sec                  
[  5]  16.00-17.00  sec  4.24 KBytes  34.7 Kbits/sec                  
[  5]  17.00-18.00  sec  5.66 KBytes  46.3 Kbits/sec                  
[  5]  18.00-19.01  sec  9.90 KBytes  80.3 Kbits/sec                  
[  5]  19.01-20.01  sec  15.6 KBytes   128 Kbits/sec                  
[  5]  20.01-21.00  sec  19.8 KBytes   163 Kbits/sec                  
[  5]  21.00-22.00  sec  21.2 KBytes   174 Kbits/sec                  
[  5]  22.00-23.00  sec  2.83 KBytes  23.2 Kbits/sec                  
[  5]  23.00-23.17  sec  0.00 Bytes  0.00 bits/sec                  
- - - - - - - - - - - - - - - - - - - - - - - - -
[ ID] Interval           Transfer     Bitrate
[  5]   0.00-23.17  sec   239 KBytes  84.5 Kbits/sec                  receiver
