iperf3: interrupt - the server has terminated
-----------------------------------------------------------
Server listening on 5019
-----------------------------------------------------------
Accepted connection from 10.0.0.9, port 35792
[  5] local 10.0.0.19 port 5019 connected to 10.0.0.9 port 35802
[ ID] Interval           Transfer     Bitrate
[  5]   0.00-1.65   sec  0.00 Bytes  0.00 bits/sec                  
[  5]   1.65-2.64   sec  0.00 Bytes  0.00 bits/sec                  
[  5]   2.64-3.19   sec  0.00 Bytes  0.00 bits/sec                  
[  5]   3.19-4.65   sec  0.00 Bytes  0.00 bits/sec                  
[  5]   4.65-5.65   sec  0.00 Bytes  0.00 bits/sec                  
[  5]   5.65-6.00   sec  1.41 KBytes  33.0 Kbits/sec                  
[  5]   6.00-7.00   sec  22.6 KBytes   185 Kbits/sec                  
[  5]   7.00-8.00   sec  15.6 KBytes   127 Kbits/sec                  
[  5]   8.00-9.00   sec  12.7 KBytes   104 Kbits/sec                  
[  5]   9.00-10.01  sec  8.48 KBytes  68.7 Kbits/sec                  
[  5]  10.01-11.00  sec  8.48 KBytes  70.4 Kbits/sec                  
[  5]  11.00-12.00  sec  5.66 KBytes  46.4 Kbits/sec                  
[  5]  12.00-13.00  sec  8.48 KBytes  69.4 Kbits/sec                  
[  5]  13.00-14.00  sec  9.90 KBytes  81.2 Kbits/sec                  
[  5]  14.00-15.00  sec  5.66 KBytes  46.4 Kbits/sec                  
[  5]  15.00-16.00  sec  8.48 KBytes  69.4 Kbits/sec                  
[  5]  16.00-17.00  sec  11.3 KBytes  92.7 Kbits/sec                  
[  5]  17.00-18.00  sec  7.07 KBytes  58.0 Kbits/sec                  
[  5]  18.00-19.00  sec  1.41 KBytes  11.6 Kbits/sec                  
[  5]  19.00-20.00  sec  8.48 KBytes  69.3 Kbits/sec                  
[  5]  20.00-21.00  sec  5.66 KBytes  46.5 Kbits/sec                  
[  5]  21.00-22.01  sec  11.3 KBytes  91.5 Kbits/sec                  
[  5]  22.01-23.00  sec  5.66 KBytes  46.9 Kbits/sec                  
[  5]  23.00-23.17  sec  0.00 Bytes  0.00 bits/sec                  
- - - - - - - - - - - - - - - - - - - - - - - - -
[ ID] Interval           Transfer     Bitrate
[  5]   0.00-23.17  sec   158 KBytes  56.0 Kbits/sec                  receiver
